<?xml version="1.0" encoding="UTF-8"?>
<testsuite xmlns:xsi="http://www.w3.org/2001/XMLSchema-instance" xsi:noNamespaceSchemaLocation="https://maven.apache.org/surefire/maven-surefire-plugin/xsd/surefire-test-report-3.0.xsd" version="3.0" name="examples.ExamplesTest" time="13.913" tests="1" errors="0" skipped="0" failures="0">
  <properties>
    <property name="java.specification.version" value="21"/>
    <property name="sun.jnu.encoding" value="UTF-8"/>
    <property name="java.class.path" value="/Users/ricardo.vasquez/Documents/karate/myproject/target/test-classes:/Users/ricardo.vasquez/Documents/karate/myproject/target/classes:/Users/ricardo.vasquez/.m2/repository/com/intuit/karate/karate-core/1.4.1/karate-core-1.4.1.jar:/Users/ricardo.vasquez/.m2/repository/org/graalvm/js/js-scriptengine/22.3.3/js-scriptengine-22.3.3.jar:/Users/ricardo.vasquez/.m2/repository/org/graalvm/sdk/graal-sdk/22.3.3/graal-sdk-22.3.3.jar:/Users/ricardo.vasquez/.m2/repository/org/graalvm/js/js/22.3.3/js-22.3.3.jar:/Users/ricardo.vasquez/.m2/repository/org/graalvm/regex/regex/22.3.3/regex-22.3.3.jar:/Users/ricardo.vasquez/.m2/repository/org/graalvm/truffle/truffle-api/22.3.3/truffle-api-22.3.3.jar:/Users/ricardo.vasquez/.m2/repository/com/ibm/icu/icu4j/71.1/icu4j-71.1.jar:/Users/ricardo.vasquez/.m2/repository/org/thymeleaf/thymeleaf/3.1.2.RELEASE/thymeleaf-3.1.2.RELEASE.jar:/Users/ricardo.vasquez/.m2/repository/ognl/ognl/3.3.4/ognl-3.3.4.jar:/Users/ricardo.vasquez/.m2/repository/org/javassist/javassist/3.29.0-GA/javassist-3.29.0-GA.jar:/Users/ricardo.vasquez/.m2/repository/org/attoparser/attoparser/2.0.7.RELEASE/attoparser-2.0.7.RELEASE.jar:/Users/ricardo.vasquez/.m2/repository/org/unbescape/unbescape/1.1.6.RELEASE/unbescape-1.1.6.RELEASE.jar:/Users/ricardo.vasquez/.m2/repository/org/slf4j/slf4j-api/2.0.7/slf4j-api-2.0.7.jar:/Users/ricardo.vasquez/.m2/repository/com/linecorp/armeria/armeria/1.25.2/armeria-1.25.2.jar:/Users/ricardo.vasquez/.m2/repository/com/fasterxml/jackson/core/jackson-core/2.15.2/jackson-core-2.15.2.jar:/Users/ricardo.vasquez/.m2/repository/com/fasterxml/jackson/core/jackson-annotations/2.15.2/jackson-annotations-2.15.2.jar:/Users/ricardo.vasquez/.m2/repository/com/fasterxml/jackson/core/jackson-databind/2.15.2/jackson-databind-2.15.2.jar:/Users/ricardo.vasquez/.m2/repository/com/fasterxml/jackson/datatype/jackson-datatype-jdk8/2.15.2/jackson-datatype-jdk8-2.15.2.jar:/Users/ricardo.vasquez/.m2/repository/com/fasterxml/jackson/datatype/jackson-datatype-jsr310/2.15.2/jackson-datatype-jsr310-2.15.2.jar:/Users/ricardo.vasquez/.m2/repository/io/micrometer/micrometer-core/1.11.3/micrometer-core-1.11.3.jar:/Users/ricardo.vasquez/.m2/repository/io/micrometer/micrometer-commons/1.11.3/micrometer-commons-1.11.3.jar:/Users/ricardo.vasquez/.m2/repository/io/micrometer/micrometer-observation/1.11.3/micrometer-observation-1.11.3.jar:/Users/ricardo.vasquez/.m2/repository/org/hdrhistogram/HdrHistogram/2.1.12/HdrHistogram-2.1.12.jar:/Users/ricardo.vasquez/.m2/repository/org/latencyutils/LatencyUtils/2.0.3/LatencyUtils-2.0.3.jar:/Users/ricardo.vasquez/.m2/repository/io/netty/netty-transport/4.1.96.Final/netty-transport-4.1.96.Final.jar:/Users/ricardo.vasquez/.m2/repository/io/netty/netty-common/4.1.96.Final/netty-common-4.1.96.Final.jar:/Users/ricardo.vasquez/.m2/repository/io/netty/netty-buffer/4.1.96.Final/netty-buffer-4.1.96.Final.jar:/Users/ricardo.vasquez/.m2/repository/io/netty/netty-resolver/4.1.96.Final/netty-resolver-4.1.96.Final.jar:/Users/ricardo.vasquez/.m2/repository/io/netty/netty-codec-haproxy/4.1.96.Final/netty-codec-haproxy-4.1.96.Final.jar:/Users/ricardo.vasquez/.m2/repository/io/netty/netty-codec/4.1.96.Final/netty-codec-4.1.96.Final.jar:/Users/ricardo.vasquez/.m2/repository/io/netty/netty-codec-http2/4.1.96.Final/netty-codec-http2-4.1.96.Final.jar:/Users/ricardo.vasquez/.m2/repository/io/netty/netty-handler/4.1.96.Final/netty-handler-4.1.96.Final.jar:/Users/ricardo.vasquez/.m2/repository/io/netty/netty-codec-http/4.1.96.Final/netty-codec-http-4.1.96.Final.jar:/Users/ricardo.vasquez/.m2/repository/io/netty/netty-resolver-dns/4.1.96.Final/netty-resolver-dns-4.1.96.Final.jar:/Users/ricardo.vasquez/.m2/repository/io/netty/netty-codec-dns/4.1.96.Final/netty-codec-dns-4.1.96.Final.jar:/Users/ricardo.vasquez/.m2/repository/org/reactivestreams/reactive-streams/1.0.4/reactive-streams-1.0.4.jar:/Users/ricardo.vasquez/.m2/repository/com/google/code/findbugs/jsr305/3.0.2/jsr305-3.0.2.jar:/Users/ricardo.vasquez/.m2/repository/io/netty/netty-handler-proxy/4.1.96.Final/netty-handler-proxy-4.1.96.Final.jar:/Users/ricardo.vasquez/.m2/repository/io/netty/netty-codec-socks/4.1.96.Final/netty-codec-socks-4.1.96.Final.jar:/Users/ricardo.vasquez/.m2/repository/io/netty/netty-transport-native-unix-common/4.1.96.Final/netty-transport-native-unix-common-4.1.96.Final-linux-x86_64.jar:/Users/ricardo.vasquez/.m2/repository/io/netty/netty-transport-native-epoll/4.1.96.Final/netty-transport-native-epoll-4.1.96.Final-linux-x86_64.jar:/Users/ricardo.vasquez/.m2/repository/io/netty/netty-transport-native-unix-common/4.1.96.Final/netty-transport-native-unix-common-4.1.96.Final.jar:/Users/ricardo.vasquez/.m2/repository/io/netty/netty-transport-classes-epoll/4.1.96.Final/netty-transport-classes-epoll-4.1.96.Final.jar:/Users/ricardo.vasquez/.m2/repository/io/netty/netty-transport-native-unix-common/4.1.96.Final/netty-transport-native-unix-common-4.1.96.Final-linux-aarch_64.jar:/Users/ricardo.vasquez/.m2/repository/io/netty/netty-transport-native-epoll/4.1.96.Final/netty-transport-native-epoll-4.1.96.Final-linux-aarch_64.jar:/Users/ricardo.vasquez/.m2/repository/io/netty/netty-transport-native-unix-common/4.1.96.Final/netty-transport-native-unix-common-4.1.96.Final-osx-x86_64.jar:/Users/ricardo.vasquez/.m2/repository/io/netty/netty-transport-native-kqueue/4.1.96.Final/netty-transport-native-kqueue-4.1.96.Final-osx-x86_64.jar:/Users/ricardo.vasquez/.m2/repository/io/netty/netty-transport-classes-kqueue/4.1.96.Final/netty-transport-classes-kqueue-4.1.96.Final.jar:/Users/ricardo.vasquez/.m2/repository/io/netty/netty-resolver-dns-native-macos/4.1.96.Final/netty-resolver-dns-native-macos-4.1.96.Final-osx-x86_64.jar:/Users/ricardo.vasquez/.m2/repository/io/netty/netty-resolver-dns-classes-macos/4.1.96.Final/netty-resolver-dns-classes-macos-4.1.96.Final.jar:/Users/ricardo.vasquez/.m2/repository/io/netty/netty-transport-native-unix-common/4.1.96.Final/netty-transport-native-unix-common-4.1.96.Final-osx-aarch_64.jar:/Users/ricardo.vasquez/.m2/repository/io/netty/netty-transport-native-kqueue/4.1.96.Final/netty-transport-native-kqueue-4.1.96.Final-osx-aarch_64.jar:/Users/ricardo.vasquez/.m2/repository/io/netty/netty-resolver-dns-native-macos/4.1.96.Final/netty-resolver-dns-native-macos-4.1.96.Final-osx-aarch_64.jar:/Users/ricardo.vasquez/.m2/repository/io/netty/netty-tcnative-boringssl-static/2.0.61.Final/netty-tcnative-boringssl-static-2.0.61.Final-linux-x86_64.jar:/Users/ricardo.vasquez/.m2/repository/io/netty/netty-tcnative-classes/2.0.61.Final/netty-tcnative-classes-2.0.61.Final.jar:/Users/ricardo.vasquez/.m2/repository/io/netty/netty-tcnative-boringssl-static/2.0.61.Final/netty-tcnative-boringssl-static-2.0.61.Final-linux-aarch_64.jar:/Users/ricardo.vasquez/.m2/repository/io/netty/netty-tcnative-boringssl-static/2.0.61.Final/netty-tcnative-boringssl-static-2.0.61.Final-osx-x86_64.jar:/Users/ricardo.vasquez/.m2/repository/io/netty/netty-tcnative-boringssl-static/2.0.61.Final/netty-tcnative-boringssl-static-2.0.61.Final-osx-aarch_64.jar:/Users/ricardo.vasquez/.m2/repository/io/netty/netty-tcnative-boringssl-static/2.0.61.Final/netty-tcnative-boringssl-static-2.0.61.Final-windows-x86_64.jar:/Users/ricardo.vasquez/.m2/repository/com/aayushatharva/brotli4j/brotli4j/1.12.0/brotli4j-1.12.0.jar:/Users/ricardo.vasquez/.m2/repository/com/aayushatharva/brotli4j/service/1.12.0/service-1.12.0.jar:/Users/ricardo.vasquez/.m2/repository/com/aayushatharva/brotli4j/native-osx-x86_64/1.12.0/native-osx-x86_64-1.12.0.jar:/Users/ricardo.vasquez/.m2/repository/org/apache/httpcomponents/httpclient/4.5.14/httpclient-4.5.14.jar:/Users/ricardo.vasquez/.m2/repository/org/apache/httpcomponents/httpcore/4.4.16/httpcore-4.4.16.jar:/Users/ricardo.vasquez/.m2/repository/commons-codec/commons-codec/1.16.0/commons-codec-1.16.0.jar:/Users/ricardo.vasquez/.m2/repository/ch/qos/logback/logback-classic/1.4.11/logback-classic-1.4.11.jar:/Users/ricardo.vasquez/.m2/repository/ch/qos/logback/logback-core/1.4.11/logback-core-1.4.11.jar:/Users/ricardo.vasquez/.m2/repository/org/slf4j/jcl-over-slf4j/2.0.9/jcl-over-slf4j-2.0.9.jar:/Users/ricardo.vasquez/.m2/repository/org/antlr/antlr4-runtime/4.11.1/antlr4-runtime-4.11.1.jar:/Users/ricardo.vasquez/.m2/repository/com/jayway/jsonpath/json-path/2.8.0/json-path-2.8.0.jar:/Users/ricardo.vasquez/.m2/repository/net/minidev/json-smart/2.4.10/json-smart-2.4.10.jar:/Users/ricardo.vasquez/.m2/repository/net/minidev/accessors-smart/2.4.9/accessors-smart-2.4.9.jar:/Users/ricardo.vasquez/.m2/repository/org/ow2/asm/asm/9.3/asm-9.3.jar:/Users/ricardo.vasquez/.m2/repository/org/yaml/snakeyaml/2.0/snakeyaml-2.0.jar:/Users/ricardo.vasquez/.m2/repository/de/siegmar/fastcsv/2.2.1/fastcsv-2.2.1.jar:/Users/ricardo.vasquez/.m2/repository/info/picocli/picocli/4.7.1/picocli-4.7.1.jar:/Users/ricardo.vasquez/.m2/repository/io/github/classgraph/classgraph/4.8.160/classgraph-4.8.160.jar:/Users/ricardo.vasquez/.m2/repository/io/github/t12y/resemble/1.0.2/resemble-1.0.2.jar:/Users/ricardo.vasquez/.m2/repository/io/github/t12y/ssim/1.0.0/ssim-1.0.0.jar:/Users/ricardo.vasquez/.m2/repository/com/intuit/karate/karate-apache/0.9.6/karate-apache-0.9.6.jar:/Users/ricardo.vasquez/.m2/repository/org/apache/httpcomponents/httpmime/4.5.12/httpmime-4.5.12.jar:/Users/ricardo.vasquez/.m2/repository/com/intuit/karate/karate-junit5/1.4.1/karate-junit5-1.4.1.jar:/Users/ricardo.vasquez/.m2/repository/org/junit/jupiter/junit-jupiter-api/5.9.3/junit-jupiter-api-5.9.3.jar:/Users/ricardo.vasquez/.m2/repository/org/opentest4j/opentest4j/1.2.0/opentest4j-1.2.0.jar:/Users/ricardo.vasquez/.m2/repository/org/junit/platform/junit-platform-commons/1.9.3/junit-platform-commons-1.9.3.jar:/Users/ricardo.vasquez/.m2/repository/org/apiguardian/apiguardian-api/1.1.2/apiguardian-api-1.1.2.jar:/Users/ricardo.vasquez/.m2/repository/org/junit/jupiter/junit-jupiter-engine/5.9.3/junit-jupiter-engine-5.9.3.jar:/Users/ricardo.vasquez/.m2/repository/org/junit/platform/junit-platform-engine/1.9.3/junit-platform-engine-1.9.3.jar:"/>
    <property name="java.vm.vendor" value="Homebrew"/>
    <property name="sun.arch.data.model" value="64"/>
    <property name="java.vendor.url" value="https://github.com/Homebrew/homebrew-core/issues"/>
    <property name="user.timezone" value="America/Lima"/>
    <property name="os.name" value="Mac OS X"/>
    <property name="java.vm.specification.version" value="21"/>
    <property name="sun.java.launcher" value="SUN_STANDARD"/>
    <property name="user.country" value="PE"/>
    <property name="sun.boot.library.path" value="/usr/local/Cellar/openjdk/21.0.2/libexec/openjdk.jdk/Contents/Home/lib"/>
    <property name="sun.java.command" value="/Users/ricardo.vasquez/Documents/karate/myproject/target/surefire/surefirebooter-20240229155721258_3.jar /Users/ricardo.vasquez/Documents/karate/myproject/target/surefire 2024-02-29T15-57-21_172-jvmRun1 surefire-20240229155721258_1tmp surefire_0-20240229155721258_2tmp"/>
    <property name="jdk.debug" value="release"/>
    <property name="surefire.test.class.path" value="/Users/ricardo.vasquez/Documents/karate/myproject/target/test-classes:/Users/ricardo.vasquez/Documents/karate/myproject/target/classes:/Users/ricardo.vasquez/.m2/repository/com/intuit/karate/karate-core/1.4.1/karate-core-1.4.1.jar:/Users/ricardo.vasquez/.m2/repository/org/graalvm/js/js-scriptengine/22.3.3/js-scriptengine-22.3.3.jar:/Users/ricardo.vasquez/.m2/repository/org/graalvm/sdk/graal-sdk/22.3.3/graal-sdk-22.3.3.jar:/Users/ricardo.vasquez/.m2/repository/org/graalvm/js/js/22.3.3/js-22.3.3.jar:/Users/ricardo.vasquez/.m2/repository/org/graalvm/regex/regex/22.3.3/regex-22.3.3.jar:/Users/ricardo.vasquez/.m2/repository/org/graalvm/truffle/truffle-api/22.3.3/truffle-api-22.3.3.jar:/Users/ricardo.vasquez/.m2/repository/com/ibm/icu/icu4j/71.1/icu4j-71.1.jar:/Users/ricardo.vasquez/.m2/repository/org/thymeleaf/thymeleaf/3.1.2.RELEASE/thymeleaf-3.1.2.RELEASE.jar:/Users/ricardo.vasquez/.m2/repository/ognl/ognl/3.3.4/ognl-3.3.4.jar:/Users/ricardo.vasquez/.m2/repository/org/javassist/javassist/3.29.0-GA/javassist-3.29.0-GA.jar:/Users/ricardo.vasquez/.m2/repository/org/attoparser/attoparser/2.0.7.RELEASE/attoparser-2.0.7.RELEASE.jar:/Users/ricardo.vasquez/.m2/repository/org/unbescape/unbescape/1.1.6.RELEASE/unbescape-1.1.6.RELEASE.jar:/Users/ricardo.vasquez/.m2/repository/org/slf4j/slf4j-api/2.0.7/slf4j-api-2.0.7.jar:/Users/ricardo.vasquez/.m2/repository/com/linecorp/armeria/armeria/1.25.2/armeria-1.25.2.jar:/Users/ricardo.vasquez/.m2/repository/com/fasterxml/jackson/core/jackson-core/2.15.2/jackson-core-2.15.2.jar:/Users/ricardo.vasquez/.m2/repository/com/fasterxml/jackson/core/jackson-annotations/2.15.2/jackson-annotations-2.15.2.jar:/Users/ricardo.vasquez/.m2/repository/com/fasterxml/jackson/core/jackson-databind/2.15.2/jackson-databind-2.15.2.jar:/Users/ricardo.vasquez/.m2/repository/com/fasterxml/jackson/datatype/jackson-datatype-jdk8/2.15.2/jackson-datatype-jdk8-2.15.2.jar:/Users/ricardo.vasquez/.m2/repository/com/fasterxml/jackson/datatype/jackson-datatype-jsr310/2.15.2/jackson-datatype-jsr310-2.15.2.jar:/Users/ricardo.vasquez/.m2/repository/io/micrometer/micrometer-core/1.11.3/micrometer-core-1.11.3.jar:/Users/ricardo.vasquez/.m2/repository/io/micrometer/micrometer-commons/1.11.3/micrometer-commons-1.11.3.jar:/Users/ricardo.vasquez/.m2/repository/io/micrometer/micrometer-observation/1.11.3/micrometer-observation-1.11.3.jar:/Users/ricardo.vasquez/.m2/repository/org/hdrhistogram/HdrHistogram/2.1.12/HdrHistogram-2.1.12.jar:/Users/ricardo.vasquez/.m2/repository/org/latencyutils/LatencyUtils/2.0.3/LatencyUtils-2.0.3.jar:/Users/ricardo.vasquez/.m2/repository/io/netty/netty-transport/4.1.96.Final/netty-transport-4.1.96.Final.jar:/Users/ricardo.vasquez/.m2/repository/io/netty/netty-common/4.1.96.Final/netty-common-4.1.96.Final.jar:/Users/ricardo.vasquez/.m2/repository/io/netty/netty-buffer/4.1.96.Final/netty-buffer-4.1.96.Final.jar:/Users/ricardo.vasquez/.m2/repository/io/netty/netty-resolver/4.1.96.Final/netty-resolver-4.1.96.Final.jar:/Users/ricardo.vasquez/.m2/repository/io/netty/netty-codec-haproxy/4.1.96.Final/netty-codec-haproxy-4.1.96.Final.jar:/Users/ricardo.vasquez/.m2/repository/io/netty/netty-codec/4.1.96.Final/netty-codec-4.1.96.Final.jar:/Users/ricardo.vasquez/.m2/repository/io/netty/netty-codec-http2/4.1.96.Final/netty-codec-http2-4.1.96.Final.jar:/Users/ricardo.vasquez/.m2/repository/io/netty/netty-handler/4.1.96.Final/netty-handler-4.1.96.Final.jar:/Users/ricardo.vasquez/.m2/repository/io/netty/netty-codec-http/4.1.96.Final/netty-codec-http-4.1.96.Final.jar:/Users/ricardo.vasquez/.m2/repository/io/netty/netty-resolver-dns/4.1.96.Final/netty-resolver-dns-4.1.96.Final.jar:/Users/ricardo.vasquez/.m2/repository/io/netty/netty-codec-dns/4.1.96.Final/netty-codec-dns-4.1.96.Final.jar:/Users/ricardo.vasquez/.m2/repository/org/reactivestreams/reactive-streams/1.0.4/reactive-streams-1.0.4.jar:/Users/ricardo.vasquez/.m2/repository/com/google/code/findbugs/jsr305/3.0.2/jsr305-3.0.2.jar:/Users/ricardo.vasquez/.m2/repository/io/netty/netty-handler-proxy/4.1.96.Final/netty-handler-proxy-4.1.96.Final.jar:/Users/ricardo.vasquez/.m2/repository/io/netty/netty-codec-socks/4.1.96.Final/netty-codec-socks-4.1.96.Final.jar:/Users/ricardo.vasquez/.m2/repository/io/netty/netty-transport-native-unix-common/4.1.96.Final/netty-transport-native-unix-common-4.1.96.Final-linux-x86_64.jar:/Users/ricardo.vasquez/.m2/repository/io/netty/netty-transport-native-epoll/4.1.96.Final/netty-transport-native-epoll-4.1.96.Final-linux-x86_64.jar:/Users/ricardo.vasquez/.m2/repository/io/netty/netty-transport-native-unix-common/4.1.96.Final/netty-transport-native-unix-common-4.1.96.Final.jar:/Users/ricardo.vasquez/.m2/repository/io/netty/netty-transport-classes-epoll/4.1.96.Final/netty-transport-classes-epoll-4.1.96.Final.jar:/Users/ricardo.vasquez/.m2/repository/io/netty/netty-transport-native-unix-common/4.1.96.Final/netty-transport-native-unix-common-4.1.96.Final-linux-aarch_64.jar:/Users/ricardo.vasquez/.m2/repository/io/netty/netty-transport-native-epoll/4.1.96.Final/netty-transport-native-epoll-4.1.96.Final-linux-aarch_64.jar:/Users/ricardo.vasquez/.m2/repository/io/netty/netty-transport-native-unix-common/4.1.96.Final/netty-transport-native-unix-common-4.1.96.Final-osx-x86_64.jar:/Users/ricardo.vasquez/.m2/repository/io/netty/netty-transport-native-kqueue/4.1.96.Final/netty-transport-native-kqueue-4.1.96.Final-osx-x86_64.jar:/Users/ricardo.vasquez/.m2/repository/io/netty/netty-transport-classes-kqueue/4.1.96.Final/netty-transport-classes-kqueue-4.1.96.Final.jar:/Users/ricardo.vasquez/.m2/repository/io/netty/netty-resolver-dns-native-macos/4.1.96.Final/netty-resolver-dns-native-macos-4.1.96.Final-osx-x86_64.jar:/Users/ricardo.vasquez/.m2/repository/io/netty/netty-resolver-dns-classes-macos/4.1.96.Final/netty-resolver-dns-classes-macos-4.1.96.Final.jar:/Users/ricardo.vasquez/.m2/repository/io/netty/netty-transport-native-unix-common/4.1.96.Final/netty-transport-native-unix-common-4.1.96.Final-osx-aarch_64.jar:/Users/ricardo.vasquez/.m2/repository/io/netty/netty-transport-native-kqueue/4.1.96.Final/netty-transport-native-kqueue-4.1.96.Final-osx-aarch_64.jar:/Users/ricardo.vasquez/.m2/repository/io/netty/netty-resolver-dns-native-macos/4.1.96.Final/netty-resolver-dns-native-macos-4.1.96.Final-osx-aarch_64.jar:/Users/ricardo.vasquez/.m2/repository/io/netty/netty-tcnative-boringssl-static/2.0.61.Final/netty-tcnative-boringssl-static-2.0.61.Final-linux-x86_64.jar:/Users/ricardo.vasquez/.m2/repository/io/netty/netty-tcnative-classes/2.0.61.Final/netty-tcnative-classes-2.0.61.Final.jar:/Users/ricardo.vasquez/.m2/repository/io/netty/netty-tcnative-boringssl-static/2.0.61.Final/netty-tcnative-boringssl-static-2.0.61.Final-linux-aarch_64.jar:/Users/ricardo.vasquez/.m2/repository/io/netty/netty-tcnative-boringssl-static/2.0.61.Final/netty-tcnative-boringssl-static-2.0.61.Final-osx-x86_64.jar:/Users/ricardo.vasquez/.m2/repository/io/netty/netty-tcnative-boringssl-static/2.0.61.Final/netty-tcnative-boringssl-static-2.0.61.Final-osx-aarch_64.jar:/Users/ricardo.vasquez/.m2/repository/io/netty/netty-tcnative-boringssl-static/2.0.61.Final/netty-tcnative-boringssl-static-2.0.61.Final-windows-x86_64.jar:/Users/ricardo.vasquez/.m2/repository/com/aayushatharva/brotli4j/brotli4j/1.12.0/brotli4j-1.12.0.jar:/Users/ricardo.vasquez/.m2/repository/com/aayushatharva/brotli4j/service/1.12.0/service-1.12.0.jar:/Users/ricardo.vasquez/.m2/repository/com/aayushatharva/brotli4j/native-osx-x86_64/1.12.0/native-osx-x86_64-1.12.0.jar:/Users/ricardo.vasquez/.m2/repository/org/apache/httpcomponents/httpclient/4.5.14/httpclient-4.5.14.jar:/Users/ricardo.vasquez/.m2/repository/org/apache/httpcomponents/httpcore/4.4.16/httpcore-4.4.16.jar:/Users/ricardo.vasquez/.m2/repository/commons-codec/commons-codec/1.16.0/commons-codec-1.16.0.jar:/Users/ricardo.vasquez/.m2/repository/ch/qos/logback/logback-classic/1.4.11/logback-classic-1.4.11.jar:/Users/ricardo.vasquez/.m2/repository/ch/qos/logback/logback-core/1.4.11/logback-core-1.4.11.jar:/Users/ricardo.vasquez/.m2/repository/org/slf4j/jcl-over-slf4j/2.0.9/jcl-over-slf4j-2.0.9.jar:/Users/ricardo.vasquez/.m2/repository/org/antlr/antlr4-runtime/4.11.1/antlr4-runtime-4.11.1.jar:/Users/ricardo.vasquez/.m2/repository/com/jayway/jsonpath/json-path/2.8.0/json-path-2.8.0.jar:/Users/ricardo.vasquez/.m2/repository/net/minidev/json-smart/2.4.10/json-smart-2.4.10.jar:/Users/ricardo.vasquez/.m2/repository/net/minidev/accessors-smart/2.4.9/accessors-smart-2.4.9.jar:/Users/ricardo.vasquez/.m2/repository/org/ow2/asm/asm/9.3/asm-9.3.jar:/Users/ricardo.vasquez/.m2/repository/org/yaml/snakeyaml/2.0/snakeyaml-2.0.jar:/Users/ricardo.vasquez/.m2/repository/de/siegmar/fastcsv/2.2.1/fastcsv-2.2.1.jar:/Users/ricardo.vasquez/.m2/repository/info/picocli/picocli/4.7.1/picocli-4.7.1.jar:/Users/ricardo.vasquez/.m2/repository/io/github/classgraph/classgraph/4.8.160/classgraph-4.8.160.jar:/Users/ricardo.vasquez/.m2/repository/io/github/t12y/resemble/1.0.2/resemble-1.0.2.jar:/Users/ricardo.vasquez/.m2/repository/io/github/t12y/ssim/1.0.0/ssim-1.0.0.jar:/Users/ricardo.vasquez/.m2/repository/com/intuit/karate/karate-apache/0.9.6/karate-apache-0.9.6.jar:/Users/ricardo.vasquez/.m2/repository/org/apache/httpcomponents/httpmime/4.5.12/httpmime-4.5.12.jar:/Users/ricardo.vasquez/.m2/repository/com/intuit/karate/karate-junit5/1.4.1/karate-junit5-1.4.1.jar:/Users/ricardo.vasquez/.m2/repository/org/junit/jupiter/junit-jupiter-api/5.9.3/junit-jupiter-api-5.9.3.jar:/Users/ricardo.vasquez/.m2/repository/org/opentest4j/opentest4j/1.2.0/opentest4j-1.2.0.jar:/Users/ricardo.vasquez/.m2/repository/org/junit/platform/junit-platform-commons/1.9.3/junit-platform-commons-1.9.3.jar:/Users/ricardo.vasquez/.m2/repository/org/apiguardian/apiguardian-api/1.1.2/apiguardian-api-1.1.2.jar:/Users/ricardo.vasquez/.m2/repository/org/junit/jupiter/junit-jupiter-engine/5.9.3/junit-jupiter-engine-5.9.3.jar:/Users/ricardo.vasquez/.m2/repository/org/junit/platform/junit-platform-engine/1.9.3/junit-platform-engine-1.9.3.jar:"/>
    <property name="sun.cpu.endian" value="little"/>
    <property name="user.home" value="/Users/ricardo.vasquez"/>
    <property name="user.language" value="en"/>
    <property name="java.specification.vendor" value="Oracle Corporation"/>
    <property name="java.version.date" value="2024-01-16"/>
    <property name="java.home" value="/usr/local/Cellar/openjdk/21.0.2/libexec/openjdk.jdk/Contents/Home"/>
    <property name="file.separator" value="/"/>
    <property name="basedir" value="/Users/ricardo.vasquez/Documents/karate/myproject"/>
    <property name="java.vm.compressedOopsMode" value="Zero based"/>
    <property name="line.separator" value="&#10;"/>
    <property name="java.vm.specification.vendor" value="Oracle Corporation"/>
    <property name="java.specification.name" value="Java Platform API Specification"/>
    <property name="karate.options" value="--tags @debug"/>
    <property name="apple.awt.application.name" value="ForkedBooter"/>
    <property name="surefire.real.class.path" value="/Users/ricardo.vasquez/Documents/karate/myproject/target/surefire/surefirebooter-20240229155721258_3.jar"/>
    <property name="sun.management.compiler" value="HotSpot 64-Bit Tiered Compilers"/>
    <property name="java.runtime.version" value="21.0.2"/>
    <property name="user.name" value="ricardo.vasquez"/>
    <property name="stdout.encoding" value="UTF-8"/>
    <property name="path.separator" value=":"/>
    <property name="os.version" value="12.7.3"/>
    <property name="java.runtime.name" value="OpenJDK Runtime Environment"/>
    <property name="file.encoding" value="UTF-8"/>
    <property name="java.vm.name" value="OpenJDK 64-Bit Server VM"/>
    <property name="java.vendor.version" value="Homebrew"/>
    <property name="localRepository" value="/Users/ricardo.vasquez/.m2/repository"/>
    <property name="java.vendor.url.bug" value="https://github.com/Homebrew/homebrew-core/issues"/>
    <property name="java.io.tmpdir" value="/var/folders/rh/h9xs3mbs6h38d0yjvytc8yf1pl27lh/T/"/>
    <property name="java.version" value="21.0.2"/>
    <property name="user.dir" value="/Users/ricardo.vasquez/Documents/karate/myproject"/>
    <property name="os.arch" value="x86_64"/>
    <property name="java.vm.specification.name" value="Java Virtual Machine Specification"/>
    <property name="native.encoding" value="UTF-8"/>
    <property name="java.library.path" value="/Users/ricardo.vasquez/Library/Java/Extensions:/Library/Java/Extensions:/Network/Library/Java/Extensions:/System/Library/Java/Extensions:/usr/lib/java:."/>
    <property name="java.vm.info" value="mixed mode, sharing"/>
    <property name="stderr.encoding" value="UTF-8"/>
    <property name="java.vendor" value="Homebrew"/>
    <property name="java.vm.version" value="21.0.2"/>
    <property name="sun.io.unicode.encoding" value="UnicodeBig"/>
    <property name="java.class.version" value="65.0"/>
  </properties>
  <testcase name="testParallel" classname="examples.ExamplesTest" time="13.889">
    <system-out><![CDATA[15:57:22.172 [main] INFO  com.intuit.karate.Runner - using system property 'karate.options': --tags @debug
15:57:22.863 [main] DEBUG com.intuit.karate.Suite - [config] classpath:karate-config.js
15:57:23.747 [main] INFO  com.intuit.karate - karate.env system property was: null 
15:57:23.854 [main] DEBUG com.intuit.karate.shell.Command - found / verified free local port: 9222
15:57:23.856 [chrome_1709240243839] DEBUG c.i.k.driver.chrome_1709240243839 - command: [/Applications/Google Chrome.app/Contents/MacOS/Google Chrome, --remote-debugging-port=9222, --remote-allow-origins=*, --no-first-run, --user-data-dir=/Users/ricardo.vasquez/Documents/karate/myproject/target/chrome_1709240243839, --disable-popup-blocking], working dir: target/chrome_1709240243839
15:57:23.860 [main] DEBUG c.i.k.driver.chrome_1709240243839 - poll attempt #0 for port to be ready - localhost:9222
15:57:24.114 [main] DEBUG c.i.k.driver.chrome_1709240243839 - poll attempt #1 for port to be ready - localhost:9222
15:57:24.371 [main] DEBUG c.i.k.driver.chrome_1709240243839 - poll attempt #2 for port to be ready - localhost:9222
15:57:24.622 [main] DEBUG c.i.k.driver.chrome_1709240243839 - poll attempt #3 for port to be ready - localhost:9222
15:57:24.734 [chrome_1709240243839-out] DEBUG c.i.k.driver.chrome_1709240243839 - [60730:46339:0229/155724.734494:ERROR:trust_store_mac.cc(752)] Error parsing certificate:
15:57:24.735 [chrome_1709240243839-out] DEBUG c.i.k.driver.chrome_1709240243839 - ERROR: Failed parsing extensions
15:57:24.735 [chrome_1709240243839-out] DEBUG c.i.k.driver.chrome_1709240243839 - 
15:57:24.768 [chrome_1709240243839-out] DEBUG c.i.k.driver.chrome_1709240243839 - 
15:57:24.771 [chrome_1709240243839-out] DEBUG c.i.k.driver.chrome_1709240243839 - DevTools listening on ws://127.0.0.1:9222/devtools/browser/067b9c4b-5a3d-4f2b-a45c-c348c9605c34
15:57:24.874 [main] DEBUG c.i.k.driver.chrome_1709240243839 - poll attempt #4 for port to be ready - localhost:9222
15:57:25.576 [main] DEBUG com.intuit.karate - request:
1 > GET http://localhost:9222/json
1 > Host: localhost:9222
1 > Connection: Keep-Alive
1 > User-Agent: Apache-HttpClient/4.5.14 (Java/21.0.2)
1 > Accept-Encoding: gzip,deflate


15:57:25.617 [main] DEBUG com.intuit.karate - response time in milliseconds: 35
1 < 200
1 < Content-Security-Policy: frame-ancestors 'none'
1 < Content-Length: 1242
1 < Content-Type: application/json; charset=UTF-8
[ {
   "description": "",
   "devtoolsFrontendUrl": "/devtools/inspector.html?ws=localhost:9222/devtools/page/CA5850F946EE23AF763B9758A5725DDD",
   "id": "CA5850F946EE23AF763B9758A5725DDD",
   "title": "Google Network Speech",
   "type": "background_page",
   "url": "chrome-extension://neajdppkdcdipfabeoofebfddakdcjhd/_generated_background_page.html",
   "webSocketDebuggerUrl": "ws://localhost:9222/devtools/page/CA5850F946EE23AF763B9758A5725DDD"
}, {
   "description": "",
   "devtoolsFrontendUrl": "/devtools/inspector.html?ws=localhost:9222/devtools/page/796C20755FC7244E889C10B312DA1508",
   "id": "796C20755FC7244E889C10B312DA1508",
   "title": "Google Hangouts",
   "type": "background_page",
   "url": "chrome-extension://nkeimhogjdpnpccoofpliimaahmaaome/background.html",
   "webSocketDebuggerUrl": "ws://localhost:9222/devtools/page/796C20755FC7244E889C10B312DA1508"
}, {
   "description": "",
   "devtoolsFrontendUrl": "/devtools/inspector.html?ws=localhost:9222/devtools/page/FE46E0732CF05702CC1B56CCFC6F2D5F",
   "id": "FE46E0732CF05702CC1B56CCFC6F2D5F",
   "title": "New Tab",
   "type": "page",
   "url": "chrome://newtab/",
   "webSocketDebuggerUrl": "ws://localhost:9222/devtools/page/FE46E0732CF05702CC1B56CCFC6F2D5F"
} ]


15:57:25.631 [main] DEBUG com.intuit.karate.shell.Command - ready to accept http connections after 666 ms - http://localhost:9222/json
15:57:25.637 [main] DEBUG com.intuit.karate - request:
1 > GET http://localhost:9222/json
1 > Host: localhost:9222
1 > Connection: Keep-Alive
1 > User-Agent: Apache-HttpClient/4.5.14 (Java/21.0.2)
1 > Accept-Encoding: gzip,deflate


15:57:25.641 [main] DEBUG com.intuit.karate - response time in milliseconds: 4
1 < 200
1 < Content-Security-Policy: frame-ancestors 'none'
1 < Content-Length: 1242
1 < Content-Type: application/json; charset=UTF-8
[ {
   "description": "",
   "devtoolsFrontendUrl": "/devtools/inspector.html?ws=localhost:9222/devtools/page/CA5850F946EE23AF763B9758A5725DDD",
   "id": "CA5850F946EE23AF763B9758A5725DDD",
   "title": "Google Network Speech",
   "type": "background_page",
   "url": "chrome-extension://neajdppkdcdipfabeoofebfddakdcjhd/_generated_background_page.html",
   "webSocketDebuggerUrl": "ws://localhost:9222/devtools/page/CA5850F946EE23AF763B9758A5725DDD"
}, {
   "description": "",
   "devtoolsFrontendUrl": "/devtools/inspector.html?ws=localhost:9222/devtools/page/796C20755FC7244E889C10B312DA1508",
   "id": "796C20755FC7244E889C10B312DA1508",
   "title": "Google Hangouts",
   "type": "background_page",
   "url": "chrome-extension://nkeimhogjdpnpccoofpliimaahmaaome/background.html",
   "webSocketDebuggerUrl": "ws://localhost:9222/devtools/page/796C20755FC7244E889C10B312DA1508"
}, {
   "description": "",
   "devtoolsFrontendUrl": "/devtools/inspector.html?ws=localhost:9222/devtools/page/FE46E0732CF05702CC1B56CCFC6F2D5F",
   "id": "FE46E0732CF05702CC1B56CCFC6F2D5F",
   "title": "New Tab",
   "type": "page",
   "url": "chrome://newtab/",
   "webSocketDebuggerUrl": "ws://localhost:9222/devtools/page/FE46E0732CF05702CC1B56CCFC6F2D5F"
} ]


15:57:25.648 [main] DEBUG c.i.k.driver.chrome_1709240243839 - root frame id: FE46E0732CF05702CC1B56CCFC6F2D5F
15:57:25.946 [nioEventLoopGroup-2-1] DEBUG c.i.k.http.WebSocketClientHandler - websocket client connected
15:57:25.948 [main] DEBUG c.i.k.driver.chrome_1709240243839 - >> {"id":1,"method":"Target.attachToTarget","params":{"targetId":"FE46E0732CF05702CC1B56CCFC6F2D5F","flatten":true}}
15:57:25.966 [nioEventLoopGroup-2-1] DEBUG c.i.k.driver.chrome_1709240243839 - << {"method":"Target.attachedToTarget","params":{"sessionId":"5D93DDB4DDCA7BDD75630E43D3B5DA5C","targetInfo":{"targetId":"FE46E0732CF05702CC1B56CCFC6F2D5F","type":"page","title":"New Tab","url":"chrome://newtab/","attached":true,"canAccessOpener":false,"browserContextId":"41004D857EE8787F605356B23089117E"},"waitingForDebugger":false}}
15:57:25.967 [nioEventLoopGroup-2-1] DEBUG c.i.k.driver.chrome_1709240243839 - << {"id":1,"result":{"sessionId":"5D93DDB4DDCA7BDD75630E43D3B5DA5C"}}
15:57:25.968 [main] DEBUG c.i.k.driver.chrome_1709240243839 - >> {"id":2,"sessionId":"5D93DDB4DDCA7BDD75630E43D3B5DA5C","method":"Target.activateTarget","params":{"targetId":"FE46E0732CF05702CC1B56CCFC6F2D5F"}}
15:57:25.972 [nioEventLoopGroup-2-1] DEBUG c.i.k.driver.chrome_1709240243839 - << {"id":2,"result":{},"sessionId":"5D93DDB4DDCA7BDD75630E43D3B5DA5C"}
15:57:25.973 [main] DEBUG c.i.k.driver.chrome_1709240243839 - >> {"id":3,"sessionId":"5D93DDB4DDCA7BDD75630E43D3B5DA5C","method":"Target.setDiscoverTargets","params":{"discover":true}}
15:57:25.975 [nioEventLoopGroup-2-1] DEBUG c.i.k.driver.chrome_1709240243839 - << {"method":"Target.targetCreated","params":{"targetInfo":{"targetId":"796C20755FC7244E889C10B312DA1508","type":"background_page","title":"Google Hangouts","url":"chrome-extension://nkeimhogjdpnpccoofpliimaahmaaome/background.html","attached":false,"canAccessOpener":false,"browserContextId":"41004D857EE8787F605356B23089117E"}},"sessionId":"5D93DDB4DDCA7BDD75630E43D3B5DA5C"}
15:57:25.976 [nioEventLoopGroup-2-1] DEBUG c.i.k.driver.chrome_1709240243839 - << {"method":"Target.targetCreated","params":{"targetInfo":{"targetId":"CA5850F946EE23AF763B9758A5725DDD","type":"background_page","title":"Google Network Speech","url":"chrome-extension://neajdppkdcdipfabeoofebfddakdcjhd/_generated_background_page.html","attached":false,"canAccessOpener":false,"browserContextId":"41004D857EE8787F605356B23089117E"}},"sessionId":"5D93DDB4DDCA7BDD75630E43D3B5DA5C"}
15:57:25.977 [nioEventLoopGroup-2-1] DEBUG c.i.k.driver.chrome_1709240243839 - << {"method":"Target.targetCreated","params":{"targetInfo":{"targetId":"FE46E0732CF05702CC1B56CCFC6F2D5F","type":"page","title":"New Tab","url":"chrome://newtab/","attached":true,"canAccessOpener":false,"browserContextId":"41004D857EE8787F605356B23089117E"}},"sessionId":"5D93DDB4DDCA7BDD75630E43D3B5DA5C"}
15:57:25.978 [nioEventLoopGroup-2-1] DEBUG c.i.k.driver.chrome_1709240243839 - << {"id":3,"result":{},"sessionId":"5D93DDB4DDCA7BDD75630E43D3B5DA5C"}
15:57:25.978 [main] DEBUG c.i.k.driver.chrome_1709240243839 - >> {"id":4,"sessionId":"5D93DDB4DDCA7BDD75630E43D3B5DA5C","method":"Page.enable"}
15:57:25.980 [nioEventLoopGroup-2-1] DEBUG c.i.k.driver.chrome_1709240243839 - << {"id":4,"result":{},"sessionId":"5D93DDB4DDCA7BDD75630E43D3B5DA5C"}
15:57:25.981 [main] DEBUG c.i.k.driver.chrome_1709240243839 - >> {"id":5,"sessionId":"5D93DDB4DDCA7BDD75630E43D3B5DA5C","method":"Runtime.enable"}
15:57:25.984 [nioEventLoopGroup-2-1] DEBUG c.i.k.driver.chrome_1709240243839 - << {"method":"Runtime.executionContextCreated","params":{"context":{"id":3,"origin":"chrome://new-tab-page","name":"","uniqueId":"-3333089377073645597.-6182559721048555106","auxData":{"isDefault":true,"type":"default","frameId":"AD3848DEBCB4FFE65757926D8AED4CF3"}}},"sessionId":"5D93DDB4DDCA7BDD75630E43D3B5DA5C"}
15:57:25.985 [nioEventLoopGroup-2-1] DEBUG c.i.k.driver.chrome_1709240243839 - << {"method":"Runtime.executionContextCreated","params":{"context":{"id":2,"origin":"chrome://new-tab-page","name":"","uniqueId":"-8415383061956330644.5491314238387177557","auxData":{"isDefault":true,"type":"default","frameId":"1B4CD7AFB7EA4588BB2121584885AFD4"}}},"sessionId":"5D93DDB4DDCA7BDD75630E43D3B5DA5C"}
15:57:25.986 [nioEventLoopGroup-2-1] DEBUG c.i.k.driver.chrome_1709240243839 - << {"method":"Runtime.executionContextCreated","params":{"context":{"id":1,"origin":"chrome://new-tab-page","name":"","uniqueId":"-5318233751568633087.-4750803408910247180","auxData":{"isDefault":true,"type":"default","frameId":"FE46E0732CF05702CC1B56CCFC6F2D5F"}}},"sessionId":"5D93DDB4DDCA7BDD75630E43D3B5DA5C"}
15:57:25.987 [nioEventLoopGroup-2-1] DEBUG c.i.k.driver.chrome_1709240243839 - << {"id":5,"result":{},"sessionId":"5D93DDB4DDCA7BDD75630E43D3B5DA5C"}
15:57:25.987 [main] DEBUG c.i.k.driver.chrome_1709240243839 - >> {"id":6,"sessionId":"5D93DDB4DDCA7BDD75630E43D3B5DA5C","method":"Browser.getWindowForTarget","params":{"targetId":"FE46E0732CF05702CC1B56CCFC6F2D5F"}}
15:57:25.988 [nioEventLoopGroup-2-1] DEBUG c.i.k.driver.chrome_1709240243839 - << {"id":6,"result":{"windowId":1095387765,"bounds":{"left":22,"top":47,"width":1200,"height":752,"windowState":"normal"}},"sessionId":"5D93DDB4DDCA7BDD75630E43D3B5DA5C"}
15:57:26.142 [main] DEBUG c.i.k.driver.chrome_1709240243839 - >> {"id":7,"sessionId":"5D93DDB4DDCA7BDD75630E43D3B5DA5C","method":"Page.navigate","params":{"url":"https:\/\/www.google.com"}}
15:57:26.148 [nioEventLoopGroup-2-1] DEBUG c.i.k.driver.chrome_1709240243839 - << {"method":"Page.frameStartedLoading","params":{"frameId":"FE46E0732CF05702CC1B56CCFC6F2D5F"},"sessionId":"5D93DDB4DDCA7BDD75630E43D3B5DA5C"}
15:57:26.362 [nioEventLoopGroup-2-1] DEBUG c.i.k.driver.chrome_1709240243839 - << {"method":"Target.targetCreated","params":{"targetInfo":{"targetId":"AD3848DEBCB4FFE65757926D8AED4CF3","type":"iframe","title":"","url":"","attached":false,"canAccessOpener":false,"browserContextId":"41004D857EE8787F605356B23089117E"}},"sessionId":"5D93DDB4DDCA7BDD75630E43D3B5DA5C"}
15:57:26.367 [nioEventLoopGroup-2-1] DEBUG c.i.k.driver.chrome_1709240243839 - << {"method":"Target.targetInfoChanged","params":{"targetInfo":{"targetId":"AD3848DEBCB4FFE65757926D8AED4CF3","type":"iframe","title":"chrome-untrusted://new-tab-page/one-google-bar?paramsencoded=","url":"chrome-untrusted://new-tab-page/one-google-bar?paramsencoded=","attached":false,"canAccessOpener":false,"browserContextId":"41004D857EE8787F605356B23089117E"}},"sessionId":"5D93DDB4DDCA7BDD75630E43D3B5DA5C"}
15:57:26.369 [nioEventLoopGroup-2-1] DEBUG c.i.k.driver.chrome_1709240243839 - << {"method":"Page.frameDetached","params":{"frameId":"AD3848DEBCB4FFE65757926D8AED4CF3","reason":"swap"},"sessionId":"5D93DDB4DDCA7BDD75630E43D3B5DA5C"}
15:57:26.370 [nioEventLoopGroup-2-1] DEBUG c.i.k.driver.chrome_1709240243839 - << {"method":"Runtime.executionContextDestroyed","params":{"executionContextId":3,"executionContextUniqueId":"-3333089377073645597.-6182559721048555106"},"sessionId":"5D93DDB4DDCA7BDD75630E43D3B5DA5C"}
15:57:26.418 [nioEventLoopGroup-2-1] DEBUG c.i.k.driver.chrome_1709240243839 - << {"id":7,"result":{"frameId":"FE46E0732CF05702CC1B56CCFC6F2D5F","loaderId":"83E7E8085DA5C340BB3D1C1E1C936CE5"},"sessionId":"5D93DDB4DDCA7BDD75630E43D3B5DA5C"}
15:57:26.420 [nioEventLoopGroup-2-1] DEBUG c.i.k.driver.chrome_1709240243839 - << {"method":"Runtime.executionContextsCleared","params":{},"sessionId":"5D93DDB4DDCA7BDD75630E43D3B5DA5C"}
15:57:26.423 [nioEventLoopGroup-2-1] DEBUG c.i.k.driver.chrome_1709240243839 - << {"method":"Page.frameDetached","params":{"frameId":"AD3848DEBCB4FFE65757926D8AED4CF3","reason":"remove"},"sessionId":"5D93DDB4DDCA7BDD75630E43D3B5DA5C"}
15:57:26.425 [nioEventLoopGroup-2-1] DEBUG c.i.k.driver.chrome_1709240243839 - << {"method":"Target.targetDestroyed","params":{"targetId":"AD3848DEBCB4FFE65757926D8AED4CF3"},"sessionId":"5D93DDB4DDCA7BDD75630E43D3B5DA5C"}
15:57:26.426 [nioEventLoopGroup-2-1] DEBUG c.i.k.driver.chrome_1709240243839 - << {"method":"Target.targetInfoChanged","params":{"targetInfo":{"targetId":"FE46E0732CF05702CC1B56CCFC6F2D5F","type":"page","title":"google.com","url":"https://www.google.com/","attached":true,"canAccessOpener":false,"browserContextId":"41004D857EE8787F605356B23089117E"}},"sessionId":"5D93DDB4DDCA7BDD75630E43D3B5DA5C"}
15:57:26.427 [chrome_1709240243839-out] DEBUG c.i.k.driver.chrome_1709240243839 - [60738:259:0229/155726.426970:ERROR:shared_image_manager.cc(275)] SharedImageManager::ProduceOverlay: Trying to Produce a Overlay representation from a non-existent mailbox.
15:57:26.428 [nioEventLoopGroup-2-1] DEBUG c.i.k.driver.chrome_1709240243839 - << {"method":"Runtime.executionContextsCleared","params":{},"sessionId":"5D93DDB4DDCA7BDD75630E43D3B5DA5C"}
15:57:26.428 [chrome_1709240243839-out] DEBUG c.i.k.driver.chrome_1709240243839 - [60738:259:0229/155726.427011:ERROR:skia_output_device_buffer_queue.cc(372)] Invalid mailbox.
15:57:26.428 [chrome_1709240243839-out] DEBUG c.i.k.driver.chrome_1709240243839 - [60738:259:0229/155726.427022:ERROR:shared_image_manager.cc(275)] SharedImageManager::ProduceOverlay: Trying to Produce a Overlay representation from a non-existent mailbox.
15:57:26.429 [chrome_1709240243839-out] DEBUG c.i.k.driver.chrome_1709240243839 - [60738:259:0229/155726.427030:ERROR:skia_output_device_buffer_queue.cc(372)] Invalid mailbox.
15:57:26.429 [chrome_1709240243839-out] DEBUG c.i.k.driver.chrome_1709240243839 - [60738:259:0229/155726.427041:ERROR:shared_image_manager.cc(275)] SharedImageManager::ProduceOverlay: Trying to Produce a Overlay representation from a non-existent mailbox.
15:57:26.431 [chrome_1709240243839-out] DEBUG c.i.k.driver.chrome_1709240243839 - [60738:259:0229/155726.427049:ERROR:skia_output_device_buffer_queue.cc(372)] Invalid mailbox.
15:57:26.429 [nioEventLoopGroup-2-1] DEBUG c.i.k.driver.chrome_1709240243839 - << {"method":"Page.frameNavigated","params":{"frame":{"id":"FE46E0732CF05702CC1B56CCFC6F2D5F","loaderId":"83E7E8085DA5C340BB3D1C1E1C936CE5","url":"https://www.google.com/","domainAndRegistry":"google.com","securityOrigin":"https://www.google.com","mimeType":"text/html","adFrameStatus":{"adFrameType":"none"},"secureContextType":"Secure","crossOriginIsolatedContextType":"NotIsolated","gatedAPIFeatures":[]},"type":"Navigation"},"sessionId":"5D93DDB4DDCA7BDD75630E43D3B5DA5C"}
15:57:26.436 [chrome_1709240243839-out] DEBUG c.i.k.driver.chrome_1709240243839 - [60738:259:0229/155726.435742:ERROR:shared_image_manager.cc(275)] SharedImageManager::ProduceOverlay: Trying to Produce a Overlay representation from a non-existent mailbox.
15:57:26.437 [chrome_1709240243839-out] DEBUG c.i.k.driver.chrome_1709240243839 - [60738:259:0229/155726.435765:ERROR:skia_output_device_buffer_queue.cc(372)] Invalid mailbox.
15:57:26.437 [chrome_1709240243839-out] DEBUG c.i.k.driver.chrome_1709240243839 - [60738:259:0229/155726.435772:ERROR:shared_image_manager.cc(275)] SharedImageManager::ProduceOverlay: Trying to Produce a Overlay representation from a non-existent mailbox.
15:57:26.438 [nioEventLoopGroup-2-1] DEBUG c.i.k.driver.chrome_1709240243839 - << {"method":"Runtime.executionContextCreated","params":{"context":{"id":1,"origin":"https://www.google.com","name":"","uniqueId":"6819567086997964831.3367784144232572274","auxData":{"isDefault":true,"type":"default","frameId":"FE46E0732CF05702CC1B56CCFC6F2D5F"}}},"sessionId":"5D93DDB4DDCA7BDD75630E43D3B5DA5C"}
15:57:26.438 [chrome_1709240243839-out] DEBUG c.i.k.driver.chrome_1709240243839 - [60738:259:0229/155726.435777:ERROR:skia_output_device_buffer_queue.cc(372)] Invalid mailbox.
15:57:26.439 [chrome_1709240243839-out] DEBUG c.i.k.driver.chrome_1709240243839 - [60738:259:0229/155726.435783:ERROR:shared_image_manager.cc(275)] SharedImageManager::ProduceOverlay: Trying to Produce a Overlay representation from a non-existent mailbox.
15:57:26.439 [chrome_1709240243839-out] DEBUG c.i.k.driver.chrome_1709240243839 - [60738:259:0229/155726.435788:ERROR:skia_output_device_buffer_queue.cc(372)] Invalid mailbox.
15:57:26.447 [chrome_1709240243839-out] DEBUG c.i.k.driver.chrome_1709240243839 - [60738:259:0229/155726.447792:ERROR:shared_image_manager.cc(275)] SharedImageManager::ProduceOverlay: Trying to Produce a Overlay representation from a non-existent mailbox.
15:57:26.448 [chrome_1709240243839-out] DEBUG c.i.k.driver.chrome_1709240243839 - [60738:259:0229/155726.447815:ERROR:skia_output_device_buffer_queue.cc(372)] Invalid mailbox.
15:57:26.448 [chrome_1709240243839-out] DEBUG c.i.k.driver.chrome_1709240243839 - [60738:259:0229/155726.447826:ERROR:shared_image_manager.cc(275)] SharedImageManager::ProduceOverlay: Trying to Produce a Overlay representation from a non-existent mailbox.
15:57:26.448 [chrome_1709240243839-out] DEBUG c.i.k.driver.chrome_1709240243839 - [60738:259:0229/155726.447834:ERROR:skia_output_device_buffer_queue.cc(372)] Invalid mailbox.
15:57:26.449 [chrome_1709240243839-out] DEBUG c.i.k.driver.chrome_1709240243839 - [60738:259:0229/155726.447845:ERROR:shared_image_manager.cc(275)] SharedImageManager::ProduceOverlay: Trying to Produce a Overlay representation from a non-existent mailbox.
15:57:26.449 [chrome_1709240243839-out] DEBUG c.i.k.driver.chrome_1709240243839 - [60738:259:0229/155726.447851:ERROR:skia_output_device_buffer_queue.cc(372)] Invalid mailbox.
15:57:26.466 [chrome_1709240243839-out] DEBUG c.i.k.driver.chrome_1709240243839 - [60738:259:0229/155726.466681:ERROR:shared_image_manager.cc(275)] SharedImageManager::ProduceOverlay: Trying to Produce a Overlay representation from a non-existent mailbox.
15:57:26.467 [chrome_1709240243839-out] DEBUG c.i.k.driver.chrome_1709240243839 - [60738:259:0229/155726.466711:ERROR:skia_output_device_buffer_queue.cc(372)] Invalid mailbox.
15:57:26.467 [chrome_1709240243839-out] DEBUG c.i.k.driver.chrome_1709240243839 - [60738:259:0229/155726.466723:ERROR:shared_image_manager.cc(275)] SharedImageManager::ProduceOverlay: Trying to Produce a Overlay representation from a non-existent mailbox.
15:57:26.468 [chrome_1709240243839-out] DEBUG c.i.k.driver.chrome_1709240243839 - [60738:259:0229/155726.466735:ERROR:skia_output_device_buffer_queue.cc(372)] Invalid mailbox.
15:57:26.468 [chrome_1709240243839-out] DEBUG c.i.k.driver.chrome_1709240243839 - [60738:259:0229/155726.466746:ERROR:shared_image_manager.cc(275)] SharedImageManager::ProduceOverlay: Trying to Produce a Overlay representation from a non-existent mailbox.
15:57:26.468 [chrome_1709240243839-out] DEBUG c.i.k.driver.chrome_1709240243839 - [60738:259:0229/155726.466755:ERROR:skia_output_device_buffer_queue.cc(372)] Invalid mailbox.
15:57:26.925 [nioEventLoopGroup-2-1] DEBUG c.i.k.driver.chrome_1709240243839 - << {"method":"Target.targetInfoChanged","params":{"targetInfo":{"targetId":"FE46E0732CF05702CC1B56CCFC6F2D5F","type":"page","title":"Google","url":"https://www.google.com/","attached":true,"canAccessOpener":false,"browserContextId":"41004D857EE8787F605356B23089117E"}},"sessionId":"5D93DDB4DDCA7BDD75630E43D3B5DA5C"}
15:57:26.933 [nioEventLoopGroup-2-1] DEBUG c.i.k.driver.chrome_1709240243839 - << {"method":"Page.navigatedWithinDocument","params":{"frameId":"FE46E0732CF05702CC1B56CCFC6F2D5F","url":"https://www.google.com/"},"sessionId":"5D93DDB4DDCA7BDD75630E43D3B5DA5C"}
15:57:26.934 [nioEventLoopGroup-2-1] DEBUG c.i.k.driver.chrome_1709240243839 - << {"method":"Page.domContentEventFired","params":{"timestamp":30273.234519},"sessionId":"5D93DDB4DDCA7BDD75630E43D3B5DA5C"}
15:57:28.149 [nioEventLoopGroup-2-1] DEBUG c.i.k.driver.chrome_1709240243839 - << {"method":"Page.loadEventFired","params":{"timestamp":30274.450822},"sessionId":"5D93DDB4DDCA7BDD75630E43D3B5DA5C"}
15:57:28.150 [nioEventLoopGroup-2-1] DEBUG c.i.k.driver.chrome_1709240243839 - << {"method":"Page.frameStoppedLoading","params":{"frameId":"FE46E0732CF05702CC1B56CCFC6F2D5F"},"sessionId":"5D93DDB4DDCA7BDD75630E43D3B5DA5C"}
15:57:29.789 [nioEventLoopGroup-2-1] DEBUG c.i.k.driver.chrome_1709240243839 - << {"method":"Target.targetCreated","params":{"targetInfo":{"targetId":"8C25A19C63BBF6F92CD78D6FFEEFCA9C","type":"app","title":"Chrome Web Store Payments","url":"","attached":false,"canAccessOpener":false,"browserContextId":"41004D857EE8787F605356B23089117E"}},"sessionId":"5D93DDB4DDCA7BDD75630E43D3B5DA5C"}
15:57:29.833 [nioEventLoopGroup-2-1] DEBUG c.i.k.driver.chrome_1709240243839 - << {"method":"Target.targetCreated","params":{"targetInfo":{"targetId":"1B1B732378AC0CFA440C0DFE4CD8C434","type":"other","title":"","url":"","attached":false,"canAccessOpener":false,"browserContextId":"41004D857EE8787F605356B23089117E"}},"sessionId":"5D93DDB4DDCA7BDD75630E43D3B5DA5C"}
15:57:29.888 [nioEventLoopGroup-2-1] DEBUG c.i.k.driver.chrome_1709240243839 - << {"method":"Target.targetInfoChanged","params":{"targetInfo":{"targetId":"8C25A19C63BBF6F92CD78D6FFEEFCA9C","type":"background_page","title":"Chrome Web Store Payments","url":"chrome-extension://nmmhkkegccagdldgiimedpiccmgmieda/_generated_background_page.html","attached":false,"canAccessOpener":false,"browserContextId":"41004D857EE8787F605356B23089117E"}},"sessionId":"5D93DDB4DDCA7BDD75630E43D3B5DA5C"}
15:57:29.922 [nioEventLoopGroup-2-1] DEBUG c.i.k.driver.chrome_1709240243839 - << {"method":"Target.targetInfoChanged","params":{"targetInfo":{"targetId":"1B1B732378AC0CFA440C0DFE4CD8C434","type":"background_page","title":"Google Docs Offline","url":"chrome-extension://ghbmnnjooekpmoecnnnilnnbdlolhkhi/_generated_background_page.html","attached":false,"canAccessOpener":false,"browserContextId":"41004D857EE8787F605356B23089117E"}},"sessionId":"5D93DDB4DDCA7BDD75630E43D3B5DA5C"}
15:57:32.719 [nioEventLoopGroup-2-1] DEBUG c.i.k.driver.chrome_1709240243839 - << {"method":"Target.targetCreated","params":{"targetInfo":{"targetId":"BE51DB297F60E207E881F483BE59AE53","type":"service_worker","title":"Service Worker chrome-extension://callobklhcbilhphinckomhgkigmfocg/background_service_worker.js","url":"chrome-extension://callobklhcbilhphinckomhgkigmfocg/background_service_worker.js","attached":false,"canAccessOpener":false,"browserContextId":"41004D857EE8787F605356B23089117E"}},"sessionId":"5D93DDB4DDCA7BDD75630E43D3B5DA5C"}
15:57:32.961 [nioEventLoopGroup-2-1] DEBUG c.i.k.driver.chrome_1709240243839 - << {"method":"Target.targetCreated","params":{"targetInfo":{"targetId":"C17F882AB522DE7E2FBCB5D59861EAC9","type":"other","title":"","url":"","attached":false,"canAccessOpener":false,"browserContextId":"41004D857EE8787F605356B23089117E"}},"sessionId":"5D93DDB4DDCA7BDD75630E43D3B5DA5C"}
15:57:32.972 [nioEventLoopGroup-2-1] DEBUG c.i.k.driver.chrome_1709240243839 - << {"method":"Target.targetInfoChanged","params":{"targetInfo":{"targetId":"C17F882AB522DE7E2FBCB5D59861EAC9","type":"page","title":"chrome-extension://callobklhcbilhphinckomhgkigmfocg/offscreen.html","url":"chrome-extension://callobklhcbilhphinckomhgkigmfocg/offscreen.html","attached":false,"canAccessOpener":false,"browserContextId":"41004D857EE8787F605356B23089117E"}},"sessionId":"5D93DDB4DDCA7BDD75630E43D3B5DA5C"}
15:57:33.424 [chrome_1709240243839-out] DEBUG c.i.k.driver.chrome_1709240243839 - [60730:34307:0229/155733.424360:ERROR:registration_request.cc(291)] Registration response error message: PHONE_REGISTRATION_ERROR
15:57:33.428 [chrome_1709240243839-out] DEBUG c.i.k.driver.chrome_1709240243839 - [60730:34307:0229/155733.427959:ERROR:registration_request.cc(291)] Registration response error message: PHONE_REGISTRATION_ERROR
15:57:33.824 [chrome_1709240243839-out] DEBUG c.i.k.driver.chrome_1709240243839 - [60730:34307:0229/155733.824831:ERROR:mcs_client.cc(701)]   Error code: 401  Error message: Authentication Failed: wrong_secret
15:57:33.825 [chrome_1709240243839-out] DEBUG c.i.k.driver.chrome_1709240243839 - [60730:34307:0229/155733.824854:ERROR:mcs_client.cc(703)] Failed to log in to GCM, resetting connection.
15:57:34.115 [chrome_1709240243839-out] DEBUG c.i.k.driver.chrome_1709240243839 - [60730:34307:0229/155734.115787:ERROR:registration_request.cc(291)] Registration response error message: PHONE_REGISTRATION_ERROR
15:57:34.118 [chrome_1709240243839-out] DEBUG c.i.k.driver.chrome_1709240243839 - [60730:34307:0229/155734.118717:ERROR:registration_request.cc(291)] Registration response error message: PHONE_REGISTRATION_ERROR
15:57:34.958 [main] DEBUG c.i.k.driver.chrome_1709240243839 - >> {"id":8,"sessionId":"5D93DDB4DDCA7BDD75630E43D3B5DA5C","method":"Target.closeTarget","params":{"targetId":"FE46E0732CF05702CC1B56CCFC6F2D5F"}}
15:57:34.961 [nioEventLoopGroup-2-1] DEBUG c.i.k.driver.chrome_1709240243839 - << {"id":8,"result":{"success":true},"sessionId":"5D93DDB4DDCA7BDD75630E43D3B5DA5C"}
15:57:34.965 [nioEventLoopGroup-2-1] DEBUG c.i.k.http.WebSocketClientHandler - websocket closing
15:57:34.966 [nioEventLoopGroup-2-1] DEBUG c.i.k.http.WebSocketClientHandler - websocket client disconnected
15:57:34.968 [main] DEBUG com.intuit.karate.shell.Command - closing command: chrome_1709240243839
15:57:35.004 [chrome_1709240243839] WARN  com.intuit.karate.shell.Command - exit code was non-zero: 137 - [/Applications/Google Chrome.app/Contents/MacOS/Google Chrome, --remote-debugging-port=9222, --remote-allow-origins=*, --no-first-run, --user-data-dir=/Users/ricardo.vasquez/Documents/karate/myproject/target/chrome_1709240243839, --disable-popup-blocking] working dir: target/chrome_1709240243839
---------------------------------------------------------
feature: classpath:examples/tests/test.feature
scenarios:  1 | passed:  1 | failed:  0 | time: 11.1654
---------------------------------------------------------

15:57:35.587 [main] INFO  com.intuit.karate.Suite - <<pass>> feature 1 of 2 (0 remaining) classpath:examples/tests/test.feature
15:57:35.590 [main] DEBUG com.intuit.karate.Suite - waiting for 2 features to complete
Karate version: 1.4.1
======================================================
elapsed:  13.43 | threads:    1 | thread time: 11.17 
features:     1 | skipped:    1 | efficiency: 0.83
scenarios:    1 | passed:     1 | failed: 0
======================================================

HTML report: (paste into browser to view) | Karate version: 1.4.1
file:///Users/ricardo.vasquez/Documents/karate/myproject/target/karate-reports/karate-summary.html
===================================================================

]]></system-out>
  </testcase>
</testsuite>